Build started 2012/3/8 22:45:00.
     1>Project "E:\C ++\C++Projects\orge\orgeProjects\framework\SetUpOgreApp - 副本-2withmain\SetUpOgreApp\SetUpOgreApp.vcxproj" on node 2 (build target(s)).
     1>InitializeBuildStatus:
         Creating "Debug\SetUpOgreApp.unsuccessfulbuild" because "AlwaysCreate" was specified.
       ClCompile:
         D:\Program Files\Microsoft Visual Studio 10.0\VC\bin\CL.exe /c /I"E:\C ++\C++Projects\orge\OgreSDK_vc10_v1-7-4\include" /I"E:\C ++\C++Projects\orge\OgreSDK_vc10_v1-7-4\include\OIS" /I"E:\C ++\C++Projects\orge\OgreSDK_vc10_v1-7-4\include\OGRE" /I"E:\C ++\C++Projects\orge\OgreSDK_vc10_v1-7-4\Samples\Common\include" /I"E:\C ++\C++Projects\orge\OgreSDK_vc10_v1-7-4\boost_1_47" /ZI /nologo /W3 /WX- /Od /Oy- /D WIN32 /D _DEBUG /D _WINDOWS /D _MBCS /Gm /EHsc /RTC1 /MDd /GS /fp:precise /Zc:wchar_t /Zc:forScope /Yc"StdAfx.h" /Fp"Debug\SetUpOgreApp.pch" /Fo"Debug\\" /Fd"Debug\vc100.pdb" /Gd /TP /analyze- /errorReport:prompt StdAfx.cpp -Zm134 
         StdAfx.cpp
         D:\Program Files\Microsoft Visual Studio 10.0\VC\bin\CL.exe /c /I"E:\C ++\C++Projects\orge\OgreSDK_vc10_v1-7-4\include" /I"E:\C ++\C++Projects\orge\OgreSDK_vc10_v1-7-4\include\OIS" /I"E:\C ++\C++Projects\orge\OgreSDK_vc10_v1-7-4\include\OGRE" /I"E:\C ++\C++Projects\orge\OgreSDK_vc10_v1-7-4\Samples\Common\include" /I"E:\C ++\C++Projects\orge\OgreSDK_vc10_v1-7-4\boost_1_47" /ZI /nologo /W3 /WX- /Od /Oy- /D WIN32 /D _DEBUG /D _WINDOWS /D _MBCS /Gm /EHsc /RTC1 /MDd /GS /fp:precise /Zc:wchar_t /Zc:forScope /Yu"StdAfx.h" /Fp"Debug\SetUpOgreApp.pch" /Fo"Debug\\" /Fd"Debug\vc100.pdb" /Gd /TP /analyze- /errorReport:prompt BaseApplication.cpp main.cpp TutorialApplication.cpp -Zm134 
         TutorialApplication.cpp
         main.cpp
         BaseApplication.cpp
         Generating Code...
       ManifestResourceCompile:
         C:\Program Files\Microsoft SDKs\Windows\v7.0A\bin\rc.exe /nologo /fo"Debug\SetUpOgreApp.exe.embed.manifest.res" Debug\SetUpOgreApp_manifest.rc 
       Link:
         D:\Program Files\Microsoft Visual Studio 10.0\VC\bin\link.exe /ERRORREPORT:PROMPT /OUT:"E:\C ++\C++Projects\orge\orgeProjects\framework\SetUpOgreApp - 副本-2withmain\Debug\SetUpOgreApp.exe" /INCREMENTAL /NOLOGO /LIBPATH:"E:\C ++\C++Projects\orge\OgreSDK_vc10_v1-7-4\lib\Debug" /LIBPATH:"E:\C ++\C++Projects\orge\OgreSDK_vc10_v1-7-4\boost_1_47\lib" OgreMain_d.lib OIS_d.lib kernel32.lib user32.lib gdi32.lib winspool.lib comdlg32.lib advapi32.lib shell32.lib ole32.lib oleaut32.lib uuid.lib odbc32.lib odbccp32.lib /MANIFEST /ManifestFile:"Debug\SetUpOgreApp.exe.intermediate.manifest" /MANIFESTUAC:"level='asInvoker' uiAccess='false'" /DEBUG /PDB:"E:\C ++\C++Projects\orge\orgeProjects\framework\SetUpOgreApp - 副本-2withmain\Debug\SetUpOgreApp.pdb" /SUBSYSTEM:WINDOWS /TLBID:1 /DYNAMICBASE /NXCOMPAT /IMPLIB:"E:\C ++\C++Projects\orge\orgeProjects\framework\SetUpOgreApp - 副本-2withmain\Debug\SetUpOgreApp.lib" /MACHINE:X86 Debug\SetUpOgreApp.exe.embed.manifest.res
         Debug\BaseApplication.obj
         Debug\main.obj
         Debug\StdAfx.obj
         Debug\TutorialApplication.obj
       Manifest:
         C:\Program Files\Microsoft SDKs\Windows\v7.0A\bin\mt.exe /nologo /verbose /out:"Debug\SetUpOgreApp.exe.embed.manifest" /manifest Debug\SetUpOgreApp.exe.intermediate.manifest
         All outputs are up-to-date.
       LinkEmbedManifest:
         All outputs are up-to-date.
         SetUpOgreApp.vcxproj -> E:\C ++\C++Projects\orge\orgeProjects\framework\SetUpOgreApp - 副本-2withmain\Debug\SetUpOgreApp.exe
       PostBuildEvent:
         copy "E:\C ++\C++Projects\orge\orgeProjects\framework\SetUpOgreApp - 副本-2withmain\Debug\\SetUpOgreApp.exe" "E:\C ++\C++Projects\orge\OgreSDK_vc10_v1-7-4\Bin\Debug"
         :VCEnd
         已复制         1 个文件。
       FinalizeBuildStatus:
         Deleting file "Debug\SetUpOgreApp.unsuccessfulbuild".
         Touching "Debug\SetUpOgreApp.lastbuildstate".
     1>Done Building Project "E:\C ++\C++Projects\orge\orgeProjects\framework\SetUpOgreApp - 副本-2withmain\SetUpOgreApp\SetUpOgreApp.vcxproj" (build target(s)).

Build succeeded.

Time Elapsed 00:01:23.73
