Build started 2012/3/20 18:16:23.
     1>Project "E:\C ++\C++Projects\orge\orgeProjects\firstDemo\tutorial3.vcxproj" on node 2 (build target(s)).
     1>InitializeBuildStatus:
         Creating "Debug\FistDemo.unsuccessfulbuild" because "AlwaysCreate" was specified.
       ClCompile:
         D:\Program Files\Microsoft Visual Studio 10.0\VC\bin\CL.exe /c /I"E:\C ++\C++Projects\orge\OgreSDK_vc10_v1-7-4\include\OGRE" /I"E:\C ++\C++Projects\orge\OgreSDK_vc10_v1-7-4\include\OIS" /I"E:\C ++\C++Projects\orge\OgreSDK_vc10_v1-7-4\boost_1_47" /ZI /nologo /W3 /WX- /Od /Oy- /D WIN32 /D _DEBUG /D _WINDOWS /D _MBCS /Gm /EHsc /RTC1 /MDd /GS /fp:precise /Zc:wchar_t /Zc:forScope /Yc"StdAfx.h" /Fp"Debug\FistDemo.pch" /Fo"Debug\\" /Fd"Debug\vc100.pdb" /Gd /TP /analyze- /errorReport:prompt StdAfx.cpp -Zm134 
         StdAfx.cpp
         D:\Program Files\Microsoft Visual Studio 10.0\VC\bin\CL.exe /c /I"E:\C ++\C++Projects\orge\OgreSDK_vc10_v1-7-4\include\OGRE" /I"E:\C ++\C++Projects\orge\OgreSDK_vc10_v1-7-4\include\OIS" /I"E:\C ++\C++Projects\orge\OgreSDK_vc10_v1-7-4\boost_1_47" /ZI /nologo /W3 /WX- /Od /Oy- /D WIN32 /D _DEBUG /D _WINDOWS /D _MBCS /Gm /EHsc /RTC1 /MDd /GS /fp:precise /Zc:wchar_t /Zc:forScope /Yu"StdAfx.h" /Fp"Debug\FistDemo.pch" /Fo"Debug\\" /Fd"Debug\vc100.pdb" /Gd /TP /analyze- /errorReport:prompt BaseApplication.cpp main.cpp TutorialApplication.cpp -Zm134 
         TutorialApplication.cpp
     1>e:\c ++\c++projects\orge\orgeprojects\firstdemo\tutorialapplication.cpp(6): warning C4305: 'argument' : truncation from 'double' to 'Ogre::Real'
     1>e:\c ++\c++projects\orge\orgeprojects\firstdemo\tutorialapplication.cpp(17): warning C4305: 'argument' : truncation from 'double' to 'const Ogre::Real'
     1>e:\c ++\c++projects\orge\orgeprojects\firstdemo\tutorialapplication.cpp(17): warning C4305: 'argument' : truncation from 'double' to 'const Ogre::Real'
     1>e:\c ++\c++projects\orge\orgeprojects\firstdemo\tutorialapplication.cpp(24): warning C4305: 'argument' : truncation from 'double' to 'float'
     1>e:\c ++\c++projects\orge\orgeprojects\firstdemo\tutorialapplication.cpp(24): warning C4305: 'argument' : truncation from 'double' to 'float'
     1>e:\c ++\c++projects\orge\orgeprojects\firstdemo\tutorialapplication.cpp(24): warning C4305: 'argument' : truncation from 'double' to 'float'
     1>e:\c ++\c++projects\orge\orgeprojects\firstdemo\tutorialapplication.cpp(26): warning C4305: 'argument' : truncation from 'double' to 'float'
     1>e:\c ++\c++projects\orge\orgeprojects\firstdemo\tutorialapplication.cpp(26): warning C4305: 'argument' : truncation from 'double' to 'float'
     1>e:\c ++\c++projects\orge\orgeprojects\firstdemo\tutorialapplication.cpp(26): warning C4305: 'argument' : truncation from 'double' to 'float'
     1>e:\c ++\c++projects\orge\orgeprojects\firstdemo\tutorialapplication.cpp(57): warning C4305: 'argument' : truncation from 'double' to 'float'
     1>e:\c ++\c++projects\orge\orgeprojects\firstdemo\tutorialapplication.cpp(57): warning C4305: 'argument' : truncation from 'double' to 'float'
     1>e:\c ++\c++projects\orge\orgeprojects\firstdemo\tutorialapplication.cpp(57): warning C4305: 'argument' : truncation from 'double' to 'float'
         main.cpp
         BaseApplication.cpp
         Generating Code...
       ManifestResourceCompile:
         C:\Program Files\Microsoft SDKs\Windows\v7.0A\bin\rc.exe /nologo /fo"Debug\FistDemo.exe.embed.manifest.res" Debug\FistDemo_manifest.rc 
       Link:
         D:\Program Files\Microsoft Visual Studio 10.0\VC\bin\link.exe /ERRORREPORT:PROMPT /OUT:"E:\C ++\C++Projects\orge\orgeProjects\firstDemo\Debug\FistDemo.exe" /INCREMENTAL /NOLOGO /LIBPATH:"E:\C ++\C++Projects\orge\OgreSDK_vc10_v1-7-4\lib\Debug\\" /LIBPATH:"E:\C ++\C++Projects\orge\OgreSDK_vc10_v1-7-4\boost_1_47\lib" OgreMain_d.lib OIS_d.lib OgreTerrain_d.lib kernel32.lib user32.lib gdi32.lib winspool.lib comdlg32.lib advapi32.lib shell32.lib ole32.lib oleaut32.lib uuid.lib odbc32.lib odbccp32.lib /MANIFEST /ManifestFile:"Debug\FistDemo.exe.intermediate.manifest" /MANIFESTUAC:"level='asInvoker' uiAccess='false'" /DEBUG /PDB:"E:\C ++\C++Projects\orge\orgeProjects\firstDemo\Debug\FistDemo.pdb" /SUBSYSTEM:WINDOWS /TLBID:1 /DYNAMICBASE /NXCOMPAT /IMPLIB:"E:\C ++\C++Projects\orge\orgeProjects\firstDemo\Debug\FistDemo.lib" /MACHINE:X86 Debug\FistDemo.exe.embed.manifest.res
         Debug\BaseApplication.obj
         Debug\main.obj
         Debug\StdAfx.obj
         Debug\TutorialApplication.obj
       Manifest:
         C:\Program Files\Microsoft SDKs\Windows\v7.0A\bin\mt.exe /nologo /verbose /out:"Debug\FistDemo.exe.embed.manifest" /manifest Debug\FistDemo.exe.intermediate.manifest
         All outputs are up-to-date.
       LinkEmbedManifest:
         All outputs are up-to-date.
         tutorial3.vcxproj -> E:\C ++\C++Projects\orge\orgeProjects\firstDemo\Debug\FistDemo.exe
       PostBuildEvent:
         copy "E:\C ++\C++Projects\orge\orgeProjects\firstDemo\Debug\FistDemo.exe" "E:\C ++\C++Projects\orge\OgreSDK_vc10_v1-7-4\Bin\Debug"
         :VCEnd
         已复制         1 个文件。
       FinalizeBuildStatus:
         Deleting file "Debug\FistDemo.unsuccessfulbuild".
         Touching "Debug\FistDemo.lastbuildstate".
     1>Done Building Project "E:\C ++\C++Projects\orge\orgeProjects\firstDemo\tutorial3.vcxproj" (build target(s)).

Build succeeded.

Time Elapsed 00:01:13.56
