Build started 2012/3/31 18:16:49.
     1>Project "E:\C ++\C++Projects\orge\orgeProjects\InterTutor6\tutorial3.vcxproj" on node 2 (build target(s)).
     1>InitializeBuildStatus:
         Creating "Debug\Template.unsuccessfulbuild" because "AlwaysCreate" was specified.
       ClCompile:
         All outputs are up-to-date.
         D:\Program Files\Microsoft Visual Studio 10.0\VC\bin\CL.exe /c /I"E:\C ++\C++Projects\orge\OgreSDK_vc10_v1-7-4\include\OGRE" /I"E:\C ++\C++Projects\orge\OgreSDK_vc10_v1-7-4\include\OIS" /I"E:\C ++\C++Projects\orge\OgreSDK_vc10_v1-7-4\boost_1_47" /ZI /nologo /W3 /WX- /Od /Oy- /D WIN32 /D _DEBUG /D _WINDOWS /D _MBCS /Gm /EHsc /RTC1 /MDd /GS /fp:precise /Zc:wchar_t /Zc:forScope /Yu"StdAfx.h" /Fp"Debug\Template.pch" /Fo"Debug\\" /Fd"Debug\vc100.pdb" /Gd /TP /analyze- /errorReport:prompt TutorialApplication.cpp main.cpp -Zm134 
         TutorialApplication.cpp
     1>e:\c ++\c++projects\orge\orgeprojects\intertutor6\tutorialapplication.h(14): warning C4305: 'argument' : truncation from 'double' to 'float'
     1>e:\c ++\c++projects\orge\orgeprojects\intertutor6\tutorialapplication.h(14): warning C4305: 'argument' : truncation from 'double' to 'float'
     1>e:\c ++\c++projects\orge\orgeprojects\intertutor6\tutorialapplication.h(14): warning C4305: 'argument' : truncation from 'double' to 'float'
     1>e:\c ++\c++projects\orge\orgeprojects\intertutor6\tutorialapplication.h(36): warning C4018: '<' : signed/unsigned mismatch
     1>e:\c ++\c++projects\orge\orgeprojects\intertutor6\tutorialapplication.h(56): warning C4482: nonstandard extension used: enum 'Ogre::ProjectionType' used in qualified name
     1>e:\c ++\c++projects\orge\orgeprojects\intertutor6\tutorialapplication.h(66): warning C4482: nonstandard extension used: enum 'Ogre::SceneBlendType' used in qualified name
         Generating Code...
         Compiling...
         main.cpp
     1>e:\c ++\c++projects\orge\orgeprojects\intertutor6\tutorialapplication.h(14): warning C4305: 'argument' : truncation from 'double' to 'float'
     1>e:\c ++\c++projects\orge\orgeprojects\intertutor6\tutorialapplication.h(14): warning C4305: 'argument' : truncation from 'double' to 'float'
     1>e:\c ++\c++projects\orge\orgeprojects\intertutor6\tutorialapplication.h(14): warning C4305: 'argument' : truncation from 'double' to 'float'
     1>e:\c ++\c++projects\orge\orgeprojects\intertutor6\tutorialapplication.h(36): warning C4018: '<' : signed/unsigned mismatch
     1>e:\c ++\c++projects\orge\orgeprojects\intertutor6\tutorialapplication.h(56): warning C4482: nonstandard extension used: enum 'Ogre::ProjectionType' used in qualified name
     1>e:\c ++\c++projects\orge\orgeprojects\intertutor6\tutorialapplication.h(66): warning C4482: nonstandard extension used: enum 'Ogre::SceneBlendType' used in qualified name
         Generating Code...
       ManifestResourceCompile:
         All outputs are up-to-date.
       Link:
         D:\Program Files\Microsoft Visual Studio 10.0\VC\bin\link.exe /ERRORREPORT:PROMPT /OUT:"E:\C ++\C++Projects\orge\orgeProjects\InterTutor6\Debug\Template.exe" /INCREMENTAL /NOLOGO /LIBPATH:"E:\C ++\C++Projects\orge\OgreSDK_vc10_v1-7-4\lib\Debug\\" /LIBPATH:"E:\C ++\C++Projects\orge\OgreSDK_vc10_v1-7-4\boost_1_47\lib" OgreMain_d.lib OIS_d.lib OgreTerrain_d.lib kernel32.lib user32.lib gdi32.lib winspool.lib comdlg32.lib advapi32.lib shell32.lib ole32.lib oleaut32.lib uuid.lib odbc32.lib odbccp32.lib /MANIFEST /ManifestFile:"Debug\Template.exe.intermediate.manifest" /MANIFESTUAC:"level='asInvoker' uiAccess='false'" /DEBUG /PDB:"E:\C ++\C++Projects\orge\orgeProjects\InterTutor6\Debug\Template.pdb" /SUBSYSTEM:WINDOWS /TLBID:1 /DYNAMICBASE /NXCOMPAT /IMPLIB:"E:\C ++\C++Projects\orge\orgeProjects\InterTutor6\Debug\Template.lib" /MACHINE:X86 Debug\Template.exe.embed.manifest.res
         Debug\BaseApplication.obj
         Debug\main.obj
         Debug\StdAfx.obj
         Debug\TutorialApplication.obj
       Manifest:
         C:\Program Files\Microsoft SDKs\Windows\v7.0A\bin\mt.exe /nologo /verbose /out:"Debug\Template.exe.embed.manifest" /manifest Debug\Template.exe.intermediate.manifest
         All outputs are up-to-date.
       LinkEmbedManifest:
         All outputs are up-to-date.
         tutorial3.vcxproj -> E:\C ++\C++Projects\orge\orgeProjects\InterTutor6\Debug\Template.exe
       PostBuildEvent:
         copy "E:\C ++\C++Projects\orge\orgeProjects\InterTutor6\Debug\Template.exe" "E:\C ++\C++Projects\orge\OgreSDK_vc10_v1-7-4\Bin\Debug"
         :VCEnd
         已复制         1 个文件。
       FinalizeBuildStatus:
         Deleting file "Debug\Template.unsuccessfulbuild".
         Touching "Debug\Template.lastbuildstate".
     1>Done Building Project "E:\C ++\C++Projects\orge\orgeProjects\InterTutor6\tutorial3.vcxproj" (build target(s)).

Build succeeded.

Time Elapsed 00:00:01.95
